<?xml version="1.0" encoding="UTF-8"?>
<!-- Generated by org.testng.reporters.JUnitReportReporter -->
<testsuite hostname="chairunnissap" failures="0" tests="1" name="Scenario.Positif.GetBooking" time="1.352" errors="0" timestamp="2025-10-08T05:46:28 WIB" skipped="0">
  <testcase classname="Scenario.Positif.GetBooking" name="GetBookingScen" time="1.352"/>
</testsuite> <!-- Scenario.Positif.GetBooking -->
