<?xml version="1.0" encoding="UTF-8"?>
<!-- Generated by org.testng.reporters.JUnitReportReporter -->
<testsuite hostname="chairunnissap" failures="0" tests="1" name="Scenario.CreateBooking" time="1.823" errors="0" timestamp="2025-09-22T01:12:11 WIB" skipped="0">
  <testcase classname="Scenario.CreateBooking" name="CreateBookingScen" time="1.823"/>
</testsuite> <!-- Scenario.CreateBooking -->
