<?xml version="1.0" encoding="UTF-8"?>
<!-- Generated by org.testng.reporters.JUnitReportReporter -->
<testsuite hostname="chairunnissap" failures="0" tests="1" name="Scenario.Positif.DeleteBooking" time="2.662" errors="0" timestamp="2025-10-08T05:46:27 WIB" skipped="0">
  <testcase classname="Scenario.Positif.DeleteBooking" name="DeleteBookingScen" time="2.662"/>
</testsuite> <!-- Scenario.Positif.DeleteBooking -->
