<?xml version="1.0" encoding="UTF-8"?>
<!-- Generated by org.testng.reporters.JUnitReportReporter -->
<testsuite hostname="chairunnissap" failures="0" tests="1" name="Scenario.Negatif.NDeleteBooking" time="1.301" errors="0" timestamp="2025-10-08T05:46:28 WIB" skipped="0">
  <testcase classname="Scenario.Negatif.NDeleteBooking" name="NDeleteBookingScen" time="1.301"/>
</testsuite> <!-- Scenario.Negatif.NDeleteBooking -->
