<?xml version="1.0" encoding="UTF-8"?>
<!-- Generated by org.testng.reporters.JUnitReportReporter -->
<testsuite hostname="chairunnissap" failures="0" tests="1" name="Scenario.Positif.CreateBooking" time="1.767" errors="0" timestamp="2025-10-05T22:44:49 WIB" skipped="0">
  <testcase classname="Scenario.Positif.CreateBooking" name="CreateBookingScen" time="1.767"/>
</testsuite> <!-- Scenario.Positif.CreateBooking -->
