<?xml version="1.0" encoding="UTF-8"?>
<!-- Generated by org.testng.reporters.JUnitReportReporter -->
<testsuite hostname="chairunnissap" failures="0" tests="1" name="Scenario.Negatif.NUpdateBooking" time="1.343" errors="0" timestamp="2025-10-08T05:46:27 WIB" skipped="0">
  <testcase classname="Scenario.Negatif.NUpdateBooking" name="NUpdateBookingScen" time="1.343"/>
</testsuite> <!-- Scenario.Negatif.NUpdateBooking -->
